#
# There is insufficient memory for the Java Runtime Environment to continue.
# Native memory allocation (malloc) failed to allocate 32744 bytes. Error detail: ChunkPool::allocate
# Possible reasons:
#   The system is out of physical RAM or swap space
#   This process is running with CompressedOops enabled, and the Java Heap may be blocking the growth of the native heap
# Possible solutions:
#   Reduce memory load on the system
#   Increase physical memory or swap space
#   Check if swap backing store is full
#   Decrease Java heap size (-Xmx/-Xms)
#   Decrease number of Java threads
#   Decrease Java thread stack sizes (-Xss)
#   Set larger code cache with -XX:ReservedCodeCacheSize=
#   JVM is running with Unscaled Compressed Oops mode in which the Java heap is
#     placed in the first 4GB address space. The Java Heap base address is the
#     maximum limit for the native heap growth. Please use -XX:HeapBaseMinAddress
#     to set the Java Heap base and to place the Java Heap above 4GB virtual address.
# This output file may be truncated or incomplete.
#
#  Out of Memory Error (arena.cpp:79), pid=7104, tid=8180
#
# JRE version: OpenJDK Runtime Environment Temurin-17.0.12+7 (17.0.12+7) (build 17.0.12+7)
# Java VM: OpenJDK 64-Bit Server VM Temurin-17.0.12+7 (17.0.12+7, mixed mode, tiered, compressed oops, compressed class ptrs, parallel gc, windows-amd64)
# No core dump will be written. Minidumps are not enabled by default on client versions of Windows
#

---------------  S U M M A R Y ------------

Command Line: --add-modules=ALL-SYSTEM --add-opens=java.base/java.util=ALL-UNNAMED --add-opens=java.base/java.lang=ALL-UNNAMED --add-opens=java.base/sun.nio.fs=ALL-UNNAMED -Declipse.application=org.eclipse.jdt.ls.core.id1 -Dosgi.bundles.defaultStartLevel=4 -Declipse.product=org.eclipse.jdt.ls.core.product -Djava.import.generatesMetadataFilesAtProjectRoot=false -DDetectVMInstallationsJob.disabled=true -Dfile.encoding=utf8 -XX:+UseParallelGC -XX:GCTimeRatio=4 -XX:AdaptiveSizePolicyWeight=90 -Dsun.zip.disableMemoryMapping=true -Xmx1G -Xms100m -Xlog:disable -javaagent:c:\Users\polyo\.vscode\extensions\redhat.java-1.35.1-win32-x64\lombok\lombok-1.18.33.jar c:\Users\polyo\.vscode\extensions\redhat.java-1.35.1-win32-x64\server\plugins\org.eclipse.equinox.launcher_1.6.900.v20240613-2009.jar -configuration c:\Users\polyo\AppData\Roaming\Code\User\globalStorage\redhat.java\1.35.1\config_ss_win -data c:\Users\polyo\AppData\Roaming\Code\User\workspaceStorage\ec5598898714f0a7fc5bafcbb2b98e26\redhat.java\ss_ws --pipe=\\.\pipe\lsp-a70e9499dc1f67693df6ce94061c4c00-sock

Host: Intel(R) Core(TM) i5-9300H CPU @ 2.40GHz, 8 cores, 31G,  Windows 11 , 64 bit Build 22621 (10.0.22621.3958)
Time: Wed Oct  2 10:50:40 2024 Europe de l , 64 bit Build 22621 (10.0.22621.3958) elapsed time: 12.470701 seconds (0d 0h 0m 12s)

---------------  T H R E A D  ---------------

Current thread (0x0000013a9eb988f0):  JavaThread "C1 CompilerThread0" daemon [_thread_in_native, id=8180, stack(0x0000003414e00000,0x0000003414f00000)]


Current CompileTask:
C1:  12470 2167       3       java.lang.String::split (327 bytes)

Stack: [0x0000003414e00000,0x0000003414f00000]
Native frames: (J=compiled Java code, j=interpreted, Vv=VM code, C=native code)
V  [jvm.dll+0x67f929]
V  [jvm.dll+0x8371ba]
V  [jvm.dll+0x838c7e]
V  [jvm.dll+0x8392e3]
V  [jvm.dll+0x24834f]
V  [jvm.dll+0xacbd1]
V  [jvm.dll+0xad01c]
V  [jvm.dll+0x13baf6]
V  [jvm.dll+0x142bfd]
V  [jvm.dll+0x14091c]
V  [jvm.dll+0x14941d]
V  [jvm.dll+0x148945]
V  [jvm.dll+0x140178]
V  [jvm.dll+0x142735]
V  [jvm.dll+0x14091c]
V  [jvm.dll+0x14941d]
V  [jvm.dll+0x148945]
V  [jvm.dll+0x140178]
V  [jvm.dll+0x142735]
V  [jvm.dll+0x14091c]
V  [jvm.dll+0x14941d]
V  [jvm.dll+0x148945]
V  [jvm.dll+0x140178]
V  [jvm.dll+0x142735]
V  [jvm.dll+0x140a14]
V  [jvm.dll+0x13a95f]
V  [jvm.dll+0x14a5a6]
V  [jvm.dll+0x1360e0]
V  [jvm.dll+0x136440]
V  [jvm.dll+0x136706]
V  [jvm.dll+0x135b9a]
V  [jvm.dll+0x137851]
V  [jvm.dll+0x229a2d]
V  [jvm.dll+0x227bdc]
V  [jvm.dll+0x7ec1f7]
V  [jvm.dll+0x7e65dc]
V  [jvm.dll+0x67e7f7]
C  [ucrtbase.dll+0x29333]
C  [KERNEL32.DLL+0x1257d]
C  [ntdll.dll+0x5af28]


---------------  P R O C E S S  ---------------

Threads class SMR info:
_java_thread_list=0x0000013aa0790380, length=17, elements={
0x0000013a85b1f360, 0x0000013a9998ed50, 0x0000013a99990400, 0x0000013a99999270,
0x0000013a99999f00, 0x0000013a9eb25000, 0x0000013a9eb257a0, 0x0000013a9eb27460,
0x0000013a9eb988f0, 0x0000013a9eb9b5c0, 0x0000013a9ec29040, 0x0000013a9edcf490,
0x0000013aa04f4b40, 0x0000013aa0428530, 0x0000013aa0697af0, 0x0000013aa081d440,
0x0000013a9fe45810
}

Java Threads: ( => current thread )
  0x0000013a85b1f360 JavaThread "main" [_thread_blocked, id=15740, stack(0x0000003414400000,0x0000003414500000)]
  0x0000013a9998ed50 JavaThread "Reference Handler" daemon [_thread_blocked, id=7152, stack(0x0000003414700000,0x0000003414800000)]
  0x0000013a99990400 JavaThread "Finalizer" daemon [_thread_blocked, id=5788, stack(0x0000003414800000,0x0000003414900000)]
  0x0000013a99999270 JavaThread "Signal Dispatcher" daemon [_thread_blocked, id=11452, stack(0x0000003414900000,0x0000003414a00000)]
  0x0000013a99999f00 JavaThread "Attach Listener" daemon [_thread_blocked, id=1268, stack(0x0000003414a00000,0x0000003414b00000)]
  0x0000013a9eb25000 JavaThread "Service Thread" daemon [_thread_blocked, id=10900, stack(0x0000003414b00000,0x0000003414c00000)]
  0x0000013a9eb257a0 JavaThread "Monitor Deflation Thread" daemon [_thread_blocked, id=17980, stack(0x0000003414c00000,0x0000003414d00000)]
  0x0000013a9eb27460 JavaThread "C2 CompilerThread0" daemon [_thread_blocked, id=5920, stack(0x0000003414d00000,0x0000003414e00000)]
=>0x0000013a9eb988f0 JavaThread "C1 CompilerThread0" daemon [_thread_in_native, id=8180, stack(0x0000003414e00000,0x0000003414f00000)]
  0x0000013a9eb9b5c0 JavaThread "Sweeper thread" daemon [_thread_blocked, id=9560, stack(0x0000003414f00000,0x0000003415000000)]
  0x0000013a9ec29040 JavaThread "Common-Cleaner" daemon [_thread_blocked, id=19316, stack(0x0000003415000000,0x0000003415100000)]
  0x0000013a9edcf490 JavaThread "Notification Thread" daemon [_thread_blocked, id=11116, stack(0x0000003415100000,0x0000003415200000)]
  0x0000013aa04f4b40 JavaThread "Active Thread: Equinox Container: c7b6958d-5370-45ec-9b33-2b4a778a55eb" [_thread_blocked, id=18852, stack(0x0000003415900000,0x0000003415a00000)]
  0x0000013aa0428530 JavaThread "Framework Event Dispatcher: Equinox Container: c7b6958d-5370-45ec-9b33-2b4a778a55eb" daemon [_thread_blocked, id=20860, stack(0x0000003415a00000,0x0000003415b00000)]
  0x0000013aa0697af0 JavaThread "Start Level: Equinox Container: c7b6958d-5370-45ec-9b33-2b4a778a55eb" daemon [_thread_in_vm, id=12784, stack(0x0000003415b00000,0x0000003415c00000)]
  0x0000013aa081d440 JavaThread "SCR Component Actor" daemon [_thread_blocked, id=18944, stack(0x0000003415c00000,0x0000003415d00000)]
  0x0000013a9fe45810 JavaThread "Worker-JM" [_thread_blocked, id=18252, stack(0x0000003415f00000,0x0000003416000000)]

Other Threads:
  0x0000013a85bb89c0 VMThread "VM Thread" [stack: 0x0000003414600000,0x0000003414700000] [id=19308]
  0x0000013a9fd78660 WatcherThread [stack: 0x0000003415200000,0x0000003415300000] [id=17420]
  0x0000013a85b33d10 GCTaskThread "GC Thread#0" [stack: 0x0000003414500000,0x0000003414600000] [id=18220]
  0x0000013a9fde3370 GCTaskThread "GC Thread#1" [stack: 0x0000003415300000,0x0000003415400000] [id=5108]
  0x0000013a9fde3a40 GCTaskThread "GC Thread#2" [stack: 0x0000003415400000,0x0000003415500000] [id=12004]
  0x0000013a9fe0a650 GCTaskThread "GC Thread#3" [stack: 0x0000003415500000,0x0000003415600000] [id=1560]
  0x0000013a9fe0a910 GCTaskThread "GC Thread#4" [stack: 0x0000003415600000,0x0000003415700000] [id=20692]
  0x0000013a9fe0abd0 GCTaskThread "GC Thread#5" [stack: 0x0000003415700000,0x0000003415800000] [id=10588]
  0x0000013a9fe0ae90 GCTaskThread "GC Thread#6" [stack: 0x0000003415800000,0x0000003415900000] [id=19584]
  0x0000013aa06e1c40 GCTaskThread "GC Thread#7" [stack: 0x0000003415d00000,0x0000003415e00000] [id=6388]

Threads with active compile tasks:
C1 CompilerThread0    12524 2167       3       java.lang.String::split (327 bytes)

VM state: not at safepoint (normal execution)

VM Mutex/Monitor currently owned by a thread: None

Heap address: 0x00000000c0000000, size: 1024 MB, Compressed Oops mode: 32-bit

CDS archive(s) not mapped
Compressed class space mapped at: 0x0000000100000000-0x0000000140000000, reserved size: 1073741824
Narrow klass base: 0x0000000000000000, Narrow klass shift: 3, Narrow klass range: 0x140000000

GC Precious Log:
 CPUs: 8 total, 8 available
 Memory: 32609M
 Large Page Support: Disabled
 NUMA Support: Disabled
 Compressed Oops: Enabled (32-bit)
 Alignments: Space 512K, Generation 512K, Heap 2M
 Heap Min Capacity: 100M
 Heap Initial Capacity: 100M
 Heap Max Capacity: 1G
 Pre-touch: Disabled
 Parallel Workers: 8

Heap:
 PSYoungGen      total 29696K, used 1324K [0x00000000eab00000, 0x00000000ecc00000, 0x0000000100000000)
  eden space 25600K, 5% used [0x00000000eab00000,0x00000000eac4b380,0x00000000ec400000)
  from space 4096K, 0% used [0x00000000ec800000,0x00000000ec800000,0x00000000ecc00000)
  to   space 4096K, 0% used [0x00000000ec400000,0x00000000ec400000,0x00000000ec800000)
 ParOldGen       total 68608K, used 6859K [0x00000000c0000000, 0x00000000c4300000, 0x00000000eab00000)
  object space 68608K, 9% used [0x00000000c0000000,0x00000000c06b2cb0,0x00000000c4300000)
 Metaspace       used 21295K, committed 21696K, reserved 1114112K
  class space    used 2182K, committed 2304K, reserved 1048576K

Card table byte_map: [0x0000013a854d0000,0x0000013a856e0000] _byte_map_base: 0x0000013a84ed0000

Marking Bits: (ParMarkBitMap*) 0x00007ff92fae58b0
 Begin Bits: [0x0000013a977a0000, 0x0000013a987a0000)
 End Bits:   [0x0000013a987a0000, 0x0000013a997a0000)

Polling page: 0x0000013a852c0000

Metaspace:

Usage:
  Non-class:     18.66 MB used.
      Class:      2.13 MB used.
       Both:     20.80 MB used.

Virtual space:
  Non-class space:       64.00 MB reserved,      18.94 MB ( 30%) committed,  1 nodes.
      Class space:        1.00 GB reserved,       2.25 MB ( <1%) committed,  1 nodes.
             Both:        1.06 GB reserved,      21.19 MB (  2%) committed. 

Chunk freelists:
   Non-Class:  12.79 MB
       Class:  13.76 MB
        Both:  26.55 MB

MaxMetaspaceSize: unlimited
CompressedClassSpaceSize: 1.00 GB
Initial GC threshold: 21.00 MB
Current GC threshold: 35.00 MB
CDS: off
MetaspaceReclaimPolicy: balanced
 - commit_granule_bytes: 65536.
 - commit_granule_words: 8192.
 - virtual_space_node_default_size: 8388608.
 - enlarge_chunks_in_place: 1.
 - new_chunks_are_fully_committed: 0.
 - uncommit_free_chunks: 1.
 - use_allocation_guard: 0.
 - handle_deallocations: 1.


Internal statistics:

num_allocs_failed_limit: 3.
num_arena_births: 250.
num_arena_deaths: 14.
num_vsnodes_births: 2.
num_vsnodes_deaths: 0.
num_space_committed: 339.
num_space_uncommitted: 0.
num_chunks_returned_to_freelist: 17.
num_chunks_taken_from_freelist: 750.
num_chunk_merges: 5.
num_chunk_splits: 476.
num_chunks_enlarged: 320.
num_inconsistent_stats: 0.

CodeHeap 'non-profiled nmethods': size=120000Kb used=891Kb max_used=891Kb free=119108Kb
 bounds [0x0000013a90270000, 0x0000013a904e0000, 0x0000013a977a0000]
CodeHeap 'profiled nmethods': size=120000Kb used=4154Kb max_used=4154Kb free=115846Kb
 bounds [0x0000013a887a0000, 0x0000013a88bb0000, 0x0000013a8fcd0000]
CodeHeap 'non-nmethods': size=5760Kb used=1198Kb max_used=1219Kb free=4561Kb
 bounds [0x0000013a8fcd0000, 0x0000013a8ff40000, 0x0000013a90270000]
 total_blobs=2648 nmethods=2150 adapters=412
 compilation: enabled
              stopped_count=0, restarted_count=0
 full_count=0

Compilation events (20 events):
Event: 8.460 Thread 0x0000013a9eb988f0 nmethod 2155 0x0000013a9034de90 code [0x0000013a9034e020, 0x0000013a9034e0f8]
Event: 8.460 Thread 0x0000013a9eb988f0 2156       1       sun.nio.fs.WindowsPathParser$Result::type (5 bytes)
Event: 8.460 Thread 0x0000013a9eb988f0 nmethod 2156 0x0000013a9034e190 code [0x0000013a9034e320, 0x0000013a9034e3f8]
Event: 8.460 Thread 0x0000013a9eb988f0 2157       1       sun.nio.fs.WindowsPathParser$Result::root (5 bytes)
Event: 8.460 Thread 0x0000013a9eb988f0 nmethod 2157 0x0000013a9034e490 code [0x0000013a9034e620, 0x0000013a9034e6f8]
Event: 8.460 Thread 0x0000013a9eb988f0 2159       3       sun.nio.fs.WindowsPathParser::isSlash (18 bytes)
Event: 8.461 Thread 0x0000013a9eb988f0 nmethod 2159 0x0000013a88baab90 code [0x0000013a88baad20, 0x0000013a88baae98]
Event: 8.461 Thread 0x0000013a9eb988f0 2158       1       sun.nio.fs.WindowsPathParser$Result::path (5 bytes)
Event: 8.461 Thread 0x0000013a9eb988f0 nmethod 2158 0x0000013a9034e790 code [0x0000013a9034e920, 0x0000013a9034e9f8]
Event: 8.461 Thread 0x0000013a9eb988f0 2160       3       java.security.MessageDigest::update (14 bytes)
Event: 8.461 Thread 0x0000013a9eb988f0 nmethod 2160 0x0000013a88baaf10 code [0x0000013a88bab0c0, 0x0000013a88bab388]
Event: 8.461 Thread 0x0000013a9eb988f0 2161   !   3       java.util.concurrent.ConcurrentHashMap::replaceNode (438 bytes)
Event: 8.462 Thread 0x0000013a9eb988f0 nmethod 2161 0x0000013a88bab510 code [0x0000013a88bab860, 0x0000013a88bacff8]
Event: 8.462 Thread 0x0000013a9eb988f0 2162       3       java.util.concurrent.ConcurrentHashMap::remove (8 bytes)
Event: 8.463 Thread 0x0000013a9eb988f0 nmethod 2162 0x0000013a88badc90 code [0x0000013a88bade40, 0x0000013a88badf88]
Event: 8.472 Thread 0x0000013a9eb988f0 2164       3       java.io.FileOutputStream::write (20 bytes)
Event: 8.472 Thread 0x0000013a9eb988f0 nmethod 2164 0x0000013a88bae010 code [0x0000013a88bae1c0, 0x0000013a88bae388]
Event: 8.472 Thread 0x0000013a9eb988f0 2165       3       java.io.FileDescriptor$1::getAppend (5 bytes)
Event: 8.472 Thread 0x0000013a9eb988f0 nmethod 2165 0x0000013a88bae490 code [0x0000013a88bae620, 0x0000013a88bae738]
Event: 12.469 Thread 0x0000013a9eb988f0 2167       3       java.lang.String::split (327 bytes)

GC Heap History (10 events):
Event: 3.202 GC heap before
{Heap before GC invocations=1 (full 0):
 PSYoungGen      total 29696K, used 25600K [0x00000000eab00000, 0x00000000ecc00000, 0x0000000100000000)
  eden space 25600K, 100% used [0x00000000eab00000,0x00000000ec400000,0x00000000ec400000)
  from space 4096K, 0% used [0x00000000ec800000,0x00000000ec800000,0x00000000ecc00000)
  to   space 4096K, 0% used [0x00000000ec400000,0x00000000ec400000,0x00000000ec800000)
 ParOldGen       total 68608K, used 0K [0x00000000c0000000, 0x00000000c4300000, 0x00000000eab00000)
  object space 68608K, 0% used [0x00000000c0000000,0x00000000c0000000,0x00000000c4300000)
 Metaspace       used 10957K, committed 11200K, reserved 1114112K
  class space    used 1088K, committed 1216K, reserved 1048576K
}
Event: 3.221 GC heap after
{Heap after GC invocations=1 (full 0):
 PSYoungGen      total 29696K, used 3188K [0x00000000eab00000, 0x00000000ecc00000, 0x0000000100000000)
  eden space 25600K, 0% used [0x00000000eab00000,0x00000000eab00000,0x00000000ec400000)
  from space 4096K, 77% used [0x00000000ec400000,0x00000000ec71d350,0x00000000ec800000)
  to   space 4096K, 0% used [0x00000000ec800000,0x00000000ec800000,0x00000000ecc00000)
 ParOldGen       total 68608K, used 0K [0x00000000c0000000, 0x00000000c4300000, 0x00000000eab00000)
  object space 68608K, 0% used [0x00000000c0000000,0x00000000c0000000,0x00000000c4300000)
 Metaspace       used 10957K, committed 11200K, reserved 1114112K
  class space    used 1088K, committed 1216K, reserved 1048576K
}
Event: 5.513 GC heap before
{Heap before GC invocations=2 (full 0):
 PSYoungGen      total 29696K, used 28788K [0x00000000eab00000, 0x00000000ecc00000, 0x0000000100000000)
  eden space 25600K, 100% used [0x00000000eab00000,0x00000000ec400000,0x00000000ec400000)
  from space 4096K, 77% used [0x00000000ec400000,0x00000000ec71d350,0x00000000ec800000)
  to   space 4096K, 0% used [0x00000000ec800000,0x00000000ec800000,0x00000000ecc00000)
 ParOldGen       total 68608K, used 0K [0x00000000c0000000, 0x00000000c4300000, 0x00000000eab00000)
  object space 68608K, 0% used [0x00000000c0000000,0x00000000c0000000,0x00000000c4300000)
 Metaspace       used 14625K, committed 14784K, reserved 1114112K
  class space    used 1480K, committed 1536K, reserved 1048576K
}
Event: 5.520 GC heap after
{Heap after GC invocations=2 (full 0):
 PSYoungGen      total 29696K, used 4089K [0x00000000eab00000, 0x00000000ecc00000, 0x0000000100000000)
  eden space 25600K, 0% used [0x00000000eab00000,0x00000000eab00000,0x00000000ec400000)
  from space 4096K, 99% used [0x00000000ec800000,0x00000000ecbfe7d0,0x00000000ecc00000)
  to   space 4096K, 0% used [0x00000000ec400000,0x00000000ec400000,0x00000000ec800000)
 ParOldGen       total 68608K, used 802K [0x00000000c0000000, 0x00000000c4300000, 0x00000000eab00000)
  object space 68608K, 1% used [0x00000000c0000000,0x00000000c00c8b60,0x00000000c4300000)
 Metaspace       used 14625K, committed 14784K, reserved 1114112K
  class space    used 1480K, committed 1536K, reserved 1048576K
}
Event: 7.753 GC heap before
{Heap before GC invocations=3 (full 0):
 PSYoungGen      total 29696K, used 29689K [0x00000000eab00000, 0x00000000ecc00000, 0x0000000100000000)
  eden space 25600K, 100% used [0x00000000eab00000,0x00000000ec400000,0x00000000ec400000)
  from space 4096K, 99% used [0x00000000ec800000,0x00000000ecbfe7d0,0x00000000ecc00000)
  to   space 4096K, 0% used [0x00000000ec400000,0x00000000ec400000,0x00000000ec800000)
 ParOldGen       total 68608K, used 802K [0x00000000c0000000, 0x00000000c4300000, 0x00000000eab00000)
  object space 68608K, 1% used [0x00000000c0000000,0x00000000c00c8b60,0x00000000c4300000)
 Metaspace       used 19509K, committed 19904K, reserved 1114112K
  class space    used 1993K, committed 2112K, reserved 1048576K
}
Event: 7.769 GC heap after
{Heap after GC invocations=3 (full 0):
 PSYoungGen      total 29696K, used 4077K [0x00000000eab00000, 0x00000000ecc00000, 0x0000000100000000)
  eden space 25600K, 0% used [0x00000000eab00000,0x00000000eab00000,0x00000000ec400000)
  from space 4096K, 99% used [0x00000000ec400000,0x00000000ec7fb640,0x00000000ec800000)
  to   space 4096K, 0% used [0x00000000ec800000,0x00000000ec800000,0x00000000ecc00000)
 ParOldGen       total 68608K, used 2479K [0x00000000c0000000, 0x00000000c4300000, 0x00000000eab00000)
  object space 68608K, 3% used [0x00000000c0000000,0x00000000c026bde0,0x00000000c4300000)
 Metaspace       used 19509K, committed 19904K, reserved 1114112K
  class space    used 1993K, committed 2112K, reserved 1048576K
}
Event: 8.321 GC heap before
{Heap before GC invocations=4 (full 0):
 PSYoungGen      total 29696K, used 12239K [0x00000000eab00000, 0x00000000ecc00000, 0x0000000100000000)
  eden space 25600K, 31% used [0x00000000eab00000,0x00000000eb2f8940,0x00000000ec400000)
  from space 4096K, 99% used [0x00000000ec400000,0x00000000ec7fb640,0x00000000ec800000)
  to   space 4096K, 0% used [0x00000000ec800000,0x00000000ec800000,0x00000000ecc00000)
 ParOldGen       total 68608K, used 2479K [0x00000000c0000000, 0x00000000c4300000, 0x00000000eab00000)
  object space 68608K, 3% used [0x00000000c0000000,0x00000000c026bde0,0x00000000c4300000)
 Metaspace       used 21101K, committed 21504K, reserved 1114112K
  class space    used 2157K, committed 2304K, reserved 1048576K
}
Event: 8.325 GC heap after
{Heap after GC invocations=4 (full 0):
 PSYoungGen      total 29696K, used 4088K [0x00000000eab00000, 0x00000000ecc00000, 0x0000000100000000)
  eden space 25600K, 0% used [0x00000000eab00000,0x00000000eab00000,0x00000000ec400000)
  from space 4096K, 99% used [0x00000000ec800000,0x00000000ecbfe0f0,0x00000000ecc00000)
  to   space 4096K, 0% used [0x00000000ec400000,0x00000000ec400000,0x00000000ec800000)
 ParOldGen       total 68608K, used 2939K [0x00000000c0000000, 0x00000000c4300000, 0x00000000eab00000)
  object space 68608K, 4% used [0x00000000c0000000,0x00000000c02dee00,0x00000000c4300000)
 Metaspace       used 21101K, committed 21504K, reserved 1114112K
  class space    used 2157K, committed 2304K, reserved 1048576K
}
Event: 8.325 GC heap before
{Heap before GC invocations=5 (full 1):
 PSYoungGen      total 29696K, used 4088K [0x00000000eab00000, 0x00000000ecc00000, 0x0000000100000000)
  eden space 25600K, 0% used [0x00000000eab00000,0x00000000eab00000,0x00000000ec400000)
  from space 4096K, 99% used [0x00000000ec800000,0x00000000ecbfe0f0,0x00000000ecc00000)
  to   space 4096K, 0% used [0x00000000ec400000,0x00000000ec400000,0x00000000ec800000)
 ParOldGen       total 68608K, used 2939K [0x00000000c0000000, 0x00000000c4300000, 0x00000000eab00000)
  object space 68608K, 4% used [0x00000000c0000000,0x00000000c02dee00,0x00000000c4300000)
 Metaspace       used 21101K, committed 21504K, reserved 1114112K
  class space    used 2157K, committed 2304K, reserved 1048576K
}
Event: 8.358 GC heap after
{Heap after GC invocations=5 (full 1):
 PSYoungGen      total 29696K, used 0K [0x00000000eab00000, 0x00000000ecc00000, 0x0000000100000000)
  eden space 25600K, 0% used [0x00000000eab00000,0x00000000eab00000,0x00000000ec400000)
  from space 4096K, 0% used [0x00000000ec800000,0x00000000ec800000,0x00000000ecc00000)
  to   space 4096K, 0% used [0x00000000ec400000,0x00000000ec400000,0x00000000ec800000)
 ParOldGen       total 68608K, used 6859K [0x00000000c0000000, 0x00000000c4300000, 0x00000000eab00000)
  object space 68608K, 9% used [0x00000000c0000000,0x00000000c06b2cb0,0x00000000c4300000)
 Metaspace       used 21088K, committed 21504K, reserved 1114112K
  class space    used 2153K, committed 2304K, reserved 1048576K
}

Dll operation events (10 events):
Event: 0.083 Loaded shared library c:\Users\polyo\.vscode\extensions\redhat.java-1.35.1-win32-x64\jre\17.0.12-win32-x86_64\bin\java.dll
Event: 1.192 Loaded shared library c:\Users\polyo\.vscode\extensions\redhat.java-1.35.1-win32-x64\jre\17.0.12-win32-x86_64\bin\zip.dll
Event: 1.203 Loaded shared library C:\Users\polyo\.vscode\extensions\redhat.java-1.35.1-win32-x64\jre\17.0.12-win32-x86_64\bin\instrument.dll
Event: 1.226 Loaded shared library C:\Users\polyo\.vscode\extensions\redhat.java-1.35.1-win32-x64\jre\17.0.12-win32-x86_64\bin\net.dll
Event: 1.230 Loaded shared library C:\Users\polyo\.vscode\extensions\redhat.java-1.35.1-win32-x64\jre\17.0.12-win32-x86_64\bin\nio.dll
Event: 1.242 Loaded shared library C:\Users\polyo\.vscode\extensions\redhat.java-1.35.1-win32-x64\jre\17.0.12-win32-x86_64\bin\zip.dll
Event: 1.281 Loaded shared library C:\Users\polyo\.vscode\extensions\redhat.java-1.35.1-win32-x64\jre\17.0.12-win32-x86_64\bin\jimage.dll
Event: 1.483 Loaded shared library c:\Users\polyo\.vscode\extensions\redhat.java-1.35.1-win32-x64\jre\17.0.12-win32-x86_64\bin\verify.dll
Event: 4.993 Loaded shared library C:\Users\polyo\AppData\Roaming\Code\User\globalStorage\redhat.java\1.35.1\config_ss_win\org.eclipse.equinox.launcher\org.eclipse.equinox.launcher.win32.win32.x86_64_1.2.1100.v20240722-2106\eclipse_11904.dll
Event: 12.462 Loaded shared library C:\Users\polyo\AppData\Local\Temp\jna-106848803\jna5092974174413980915.dll

Deoptimization events (20 events):
Event: 7.975 Thread 0x0000013aa0697af0 Uncommon trap: trap_request=0xffffffc6 fr.pc=0x0000013a9032b638 relative=0x0000000000001e18
Event: 7.975 Thread 0x0000013aa0697af0 Uncommon trap: reason=bimorphic_or_optimized_type_check action=maybe_recompile pc=0x0000013a9032b638 method=java.io.DataInputStream.readUnsignedShort()I @ 6 c2
Event: 7.975 Thread 0x0000013aa0697af0 DEOPT PACKING pc=0x0000013a9032b638 sp=0x0000003415bf94c0
Event: 7.975 Thread 0x0000013aa0697af0 DEOPT UNPACKING pc=0x0000013a8fd266a3 sp=0x0000003415bf9440 mode 2
Event: 7.976 Thread 0x0000013aa0697af0 Uncommon trap: trap_request=0xffffffc6 fr.pc=0x0000013a9032b638 relative=0x0000000000001e18
Event: 7.976 Thread 0x0000013aa0697af0 Uncommon trap: reason=bimorphic_or_optimized_type_check action=maybe_recompile pc=0x0000013a9032b638 method=java.io.DataInputStream.readUnsignedShort()I @ 6 c2
Event: 7.976 Thread 0x0000013aa0697af0 DEOPT PACKING pc=0x0000013a9032b638 sp=0x0000003415bf94c0
Event: 7.976 Thread 0x0000013aa0697af0 DEOPT UNPACKING pc=0x0000013a8fd266a3 sp=0x0000003415bf9440 mode 2
Event: 7.976 Thread 0x0000013aa0697af0 Uncommon trap: trap_request=0xffffffc6 fr.pc=0x0000013a9032f0b8 relative=0x00000000000006d8
Event: 7.976 Thread 0x0000013aa0697af0 Uncommon trap: reason=bimorphic_or_optimized_type_check action=maybe_recompile pc=0x0000013a9032f0b8 method=java.io.DataInputStream.readUnsignedShort()I @ 6 c2
Event: 7.976 Thread 0x0000013aa0697af0 DEOPT PACKING pc=0x0000013a9032f0b8 sp=0x0000003415bf9470
Event: 7.976 Thread 0x0000013aa0697af0 DEOPT UNPACKING pc=0x0000013a8fd266a3 sp=0x0000003415bf9438 mode 2
Event: 8.087 Thread 0x0000013aa0697af0 Uncommon trap: trap_request=0xffffff45 fr.pc=0x0000013a90307ac0 relative=0x0000000000000040
Event: 8.087 Thread 0x0000013aa0697af0 Uncommon trap: reason=unstable_if action=reinterpret pc=0x0000013a90307ac0 method=sun.nio.fs.WindowsPathParser.isSlash(C)Z @ 9 c2
Event: 8.087 Thread 0x0000013aa0697af0 DEOPT PACKING pc=0x0000013a90307ac0 sp=0x0000003415bf8f40
Event: 8.087 Thread 0x0000013aa0697af0 DEOPT UNPACKING pc=0x0000013a8fd266a3 sp=0x0000003415bf8ec8 mode 2
Event: 8.288 Thread 0x0000013aa0697af0 Uncommon trap: trap_request=0xffffff45 fr.pc=0x0000013a902be280 relative=0x0000000000000700
Event: 8.288 Thread 0x0000013aa0697af0 Uncommon trap: reason=unstable_if action=reinterpret pc=0x0000013a902be280 method=java.lang.String.replace(Ljava/lang/CharSequence;Ljava/lang/CharSequence;)Ljava/lang/String; @ 42 c2
Event: 8.288 Thread 0x0000013aa0697af0 DEOPT PACKING pc=0x0000013a902be280 sp=0x0000003415bf7320
Event: 8.288 Thread 0x0000013aa0697af0 DEOPT UNPACKING pc=0x0000013a8fd266a3 sp=0x0000003415bf72b0 mode 2

Classes loaded (20 events):
Event: 8.458 Loading class java/nio/file/DirectoryStream done
Event: 8.458 Loading class sun/nio/fs/WindowsDirectoryStream done
Event: 8.459 Loading class sun/nio/fs/WindowsDirectoryStream$WindowsDirectoryIterator
Event: 8.459 Loading class sun/nio/fs/WindowsDirectoryStream$WindowsDirectoryIterator done
Event: 8.459 Loading class sun/nio/fs/WindowsPath$WindowsPathWithAttributes
Event: 8.460 Loading class sun/nio/fs/BasicFileAttributesHolder
Event: 8.460 Loading class sun/nio/fs/BasicFileAttributesHolder done
Event: 8.460 Loading class sun/nio/fs/WindowsPath$WindowsPathWithAttributes done
Event: 8.463 Loading class sun/security/provider/AbstractDrbg$NonceProvider
Event: 8.463 Loading class sun/security/provider/AbstractDrbg$NonceProvider done
Event: 8.473 Loading class java/io/FileOutputStream$1
Event: 8.473 Loading class java/io/FileOutputStream$1 done
Event: 12.464 Loading class java/nio/ShortBuffer
Event: 12.465 Loading class java/nio/ShortBuffer done
Event: 12.465 Loading class java/nio/FloatBuffer
Event: 12.466 Loading class java/nio/FloatBuffer done
Event: 12.466 Loading class java/nio/DoubleBuffer
Event: 12.466 Loading class java/nio/DoubleBuffer done
Event: 12.467 Loading class jdk/internal/loader/NativeLibraries$Unloader
Event: 12.467 Loading class jdk/internal/loader/NativeLibraries$Unloader done

Classes unloaded (7 events):
Event: 8.332 Thread 0x0000013a85bb89c0 Unloading class 0x000000010021bc00 'java/lang/invoke/LambdaForm$MH+0x000000010021bc00'
Event: 8.332 Thread 0x0000013a85bb89c0 Unloading class 0x000000010021b800 'java/lang/invoke/LambdaForm$MH+0x000000010021b800'
Event: 8.332 Thread 0x0000013a85bb89c0 Unloading class 0x000000010021b400 'java/lang/invoke/LambdaForm$MH+0x000000010021b400'
Event: 8.332 Thread 0x0000013a85bb89c0 Unloading class 0x000000010021b000 'java/lang/invoke/LambdaForm$MH+0x000000010021b000'
Event: 8.332 Thread 0x0000013a85bb89c0 Unloading class 0x000000010021ac00 'java/lang/invoke/LambdaForm$BMH+0x000000010021ac00'
Event: 8.332 Thread 0x0000013a85bb89c0 Unloading class 0x000000010021a800 'java/lang/invoke/LambdaForm$DMH+0x000000010021a800'
Event: 8.332 Thread 0x0000013a85bb89c0 Unloading class 0x0000000100211400 'java/lang/invoke/LambdaForm$DMH+0x0000000100211400'

Classes redefined (0 events):
No events

Internal exceptions (20 events):
Event: 6.356 Thread 0x0000013aa0697af0 Exception <a 'java/io/FileNotFoundException'{0x00000000eb5fc420}> (0x00000000eb5fc420) 
thrown [s\src\hotspot\share\prims\jni.cpp, line 516]
Event: 6.539 Thread 0x0000013aa0697af0 Exception <a 'java/lang/NoSuchMethodError'{0x00000000eb79e1b0}: 'java.lang.Object java.lang.invoke.Invokers$Holder.invokeExact_MT(java.lang.Object, java.lang.Object, java.lang.Object, java.lang.Object, java.lang.Object, java.lang.Object)'> (0x00000000eb79e1b0) 
thrown [s\src\hotspot\share\interpreter\linkResolver.cpp, line 759]
Event: 6.776 Thread 0x0000013aa0697af0 Exception <a 'java/lang/NoSuchMethodError'{0x00000000eb8c6db8}: 'java.lang.Object java.lang.invoke.Invokers$Holder.linkToTargetMethod(java.lang.Object, long, java.lang.Object)'> (0x00000000eb8c6db8) 
thrown [s\src\hotspot\share\interpreter\linkResolver.cpp, line 759]
Event: 7.247 Thread 0x0000013aa0697af0 Exception <a 'java/lang/NoSuchMethodError'{0x00000000ebcf1c00}: 'void java.lang.invoke.DirectMethodHandle$Holder.invokeInterface(java.lang.Object, java.lang.Object, java.lang.Object)'> (0x00000000ebcf1c00) 
thrown [s\src\hotspot\share\interpreter\linkResolver.cpp, line 759]
Event: 7.468 Thread 0x0000013aa0697af0 Exception <a 'java/lang/NoSuchMethodError'{0x00000000ec048a00}: 'void java.lang.invoke.DirectMethodHandle$Holder.invokeVirtual(java.lang.Object, java.lang.Object)'> (0x00000000ec048a00) 
thrown [s\src\hotspot\share\interpreter\linkResolver.cpp, line 759]
Event: 7.549 Thread 0x0000013aa0697af0 Exception <a 'java/lang/NoSuchMethodError'{0x00000000ec15f448}: 'java.lang.Object java.lang.invoke.DirectMethodHandle$Holder.invokeStatic(java.lang.Object, java.lang.Object, int)'> (0x00000000ec15f448) 
thrown [s\src\hotspot\share\interpreter\linkResolver.cpp, line 759]
Event: 7.552 Thread 0x0000013aa0697af0 Exception <a 'java/lang/NoSuchMethodError'{0x00000000ec163ff8}: 'void java.lang.invoke.DirectMethodHandle$Holder.invokeStatic(java.lang.Object, java.lang.Object, int, java.lang.Object)'> (0x00000000ec163ff8) 
thrown [s\src\hotspot\share\interpreter\linkResolver.cpp, line 759]
Event: 7.555 Thread 0x0000013aa0697af0 Exception <a 'java/lang/NoSuchMethodError'{0x00000000ec16b728}: 'void java.lang.invoke.DelegatingMethodHandle$Holder.delegate(java.lang.Object, java.lang.Object, int, java.lang.Object)'> (0x00000000ec16b728) 
thrown [s\src\hotspot\share\interpreter\linkResolver.cpp, line 759]
Event: 7.555 Thread 0x0000013aa0697af0 Exception <a 'java/lang/NoSuchMethodError'{0x00000000ec16fb10}: 'int java.lang.invoke.DirectMethodHandle$Holder.invokeSpecial(java.lang.Object, java.lang.Object, java.lang.Object)'> (0x00000000ec16fb10) 
thrown [s\src\hotspot\share\interpreter\linkResolver.cpp, line 759]
Event: 7.557 Thread 0x0000013aa0697af0 Exception <a 'java/lang/NoSuchMethodError'{0x00000000ec181910}: 'int java.lang.invoke.DirectMethodHandle$Holder.invokeStatic(java.lang.Object, java.lang.Object, int)'> (0x00000000ec181910) 
thrown [s\src\hotspot\share\interpreter\linkResolver.cpp, line 759]
Event: 7.558 Thread 0x0000013aa0697af0 Exception <a 'java/lang/NoSuchMethodError'{0x00000000ec185938}: 'int java.lang.invoke.DirectMethodHandle$Holder.invokeSpecial(java.lang.Object, java.lang.Object, java.lang.Object, int)'> (0x00000000ec185938) 
thrown [s\src\hotspot\share\interpreter\linkResolver.cpp, line 759]
Event: 7.560 Thread 0x0000013aa0697af0 Exception <a 'java/lang/NoSuchMethodError'{0x00000000ec1a2068}: 'java.lang.Object java.lang.invoke.DirectMethodHandle$Holder.invokeStatic(java.lang.Object, java.lang.Object, java.lang.Object, java.lang.Object, int)'> (0x00000000ec1a2068) 
thrown [s\src\hotspot\share\interpreter\linkResolver.cpp, line 759]
Event: 7.579 Thread 0x0000013aa0697af0 Exception <a 'java/lang/NoSuchMethodError'{0x00000000ec1ae060}: 'java.lang.Object java.lang.invoke.DelegatingMethodHandle$Holder.reinvoke_L(java.lang.Object, java.lang.Object, java.lang.Object, java.lang.Object, int, int)'> (0x00000000ec1ae060) 
thrown [s\src\hotspot\share\interpreter\linkResolver.cpp, line 759]
Event: 7.581 Thread 0x0000013aa0697af0 Exception <a 'java/lang/NoSuchMethodError'{0x00000000ec1c2b08}: 'java.lang.Object java.lang.invoke.Invokers$Holder.invokeExact_MT(java.lang.Object, java.lang.Object, java.lang.Object, java.lang.Object)'> (0x00000000ec1c2b08) 
thrown [s\src\hotspot\share\interpreter\linkResolver.cpp, line 759]
Event: 7.778 Thread 0x0000013aa0697af0 Exception <a 'java/io/FileNotFoundException'{0x00000000eab63680}> (0x00000000eab63680) 
thrown [s\src\hotspot\share\prims\jni.cpp, line 516]
Event: 7.786 Thread 0x0000013aa0697af0 Exception <a 'java/io/FileNotFoundException'{0x00000000eab6b408}> (0x00000000eab6b408) 
thrown [s\src\hotspot\share\prims\jni.cpp, line 516]
Event: 7.983 Thread 0x0000013aa0697af0 Exception <a 'java/lang/NoSuchMethodError'{0x00000000eae6ece8}: 'java.lang.Object java.lang.invoke.DirectMethodHandle$Holder.newInvokeSpecial(java.lang.Object, java.lang.Object, java.lang.Object, java.lang.Object, java.lang.Object)'> (0x00000000eae6ece8) 
thrown [s\src\hotspot\share\interpreter\linkResolver.cpp, line 759]
Event: 8.139 Thread 0x0000013aa0697af0 Exception <a 'java/lang/NoSuchMethodError'{0x00000000eafb09c0}: 'java.lang.Object java.lang.invoke.DirectMethodHandle$Holder.invokeStaticInit(java.lang.Object, int)'> (0x00000000eafb09c0) 
thrown [s\src\hotspot\share\interpreter\linkResolver.cpp, line 759]
Event: 8.295 Thread 0x0000013aa0697af0 Exception <a 'java/lang/NoSuchMethodError'{0x00000000eb294830}: 'java.lang.Object java.lang.invoke.DirectMethodHandle$Holder.invokeStaticInit(java.lang.Object, int, int, int, int)'> (0x00000000eb294830) 
thrown [s\src\hotspot\share\interpreter\linkResolver.cpp, line 759]
Event: 8.462 Thread 0x0000013aa0697af0 Exception <a 'java/lang/NoSuchMethodError'{0x00000000eabd31b8}: 'java.lang.Object java.lang.invoke.DirectMethodHandle$Holder.invokeStaticInit(java.lang.Object, java.lang.Object, int, int, int, int)'> (0x00000000eabd31b8) 
thrown [s\src\hotspot\share\interpreter\linkResolver.cpp, line 759]

VM Operations (20 events):
Event: 5.048 Executing VM operation: Cleanup
Event: 5.049 Executing VM operation: Cleanup done
Event: 5.311 Executing VM operation: HandshakeAllThreads
Event: 5.311 Executing VM operation: HandshakeAllThreads done
Event: 5.513 Executing VM operation: ParallelGCFailedAllocation
Event: 5.520 Executing VM operation: ParallelGCFailedAllocation done
Event: 6.559 Executing VM operation: Cleanup
Event: 6.654 Executing VM operation: Cleanup done
Event: 7.006 Executing VM operation: HandshakeAllThreads
Event: 7.006 Executing VM operation: HandshakeAllThreads done
Event: 7.548 Executing VM operation: HandshakeAllThreads
Event: 7.548 Executing VM operation: HandshakeAllThreads done
Event: 7.753 Executing VM operation: ParallelGCFailedAllocation
Event: 7.769 Executing VM operation: ParallelGCFailedAllocation done
Event: 8.320 Executing VM operation: CollectForMetadataAllocation
Event: 8.358 Executing VM operation: CollectForMetadataAllocation done
Event: 8.368 Executing VM operation: HandshakeAllThreads
Event: 8.370 Executing VM operation: HandshakeAllThreads done
Event: 9.370 Executing VM operation: Cleanup
Event: 9.370 Executing VM operation: Cleanup done

Events (20 events):
Event: 0.644 Thread 0x0000013a99999270 Thread added: 0x0000013a99999270
Event: 0.644 Thread 0x0000013a99999f00 Thread added: 0x0000013a99999f00
Event: 0.645 Thread 0x0000013a9eb25000 Thread added: 0x0000013a9eb25000
Event: 0.645 Thread 0x0000013a9eb257a0 Thread added: 0x0000013a9eb257a0
Event: 0.645 Thread 0x0000013a9eb27460 Thread added: 0x0000013a9eb27460
Event: 0.685 Thread 0x0000013a9eb988f0 Thread added: 0x0000013a9eb988f0
Event: 0.694 Thread 0x0000013a9eb9b5c0 Thread added: 0x0000013a9eb9b5c0
Event: 1.064 Thread 0x0000013a9ec29040 Thread added: 0x0000013a9ec29040
Event: 1.168 Thread 0x0000013a9ece9f90 Thread added: 0x0000013a9ece9f90
Event: 1.559 Thread 0x0000013a9ece9f90 Thread exited: 0x0000013a9ece9f90
Event: 1.734 Thread 0x0000013a9edcf490 Thread added: 0x0000013a9edcf490
Event: 1.940 Thread 0x0000013a9fde3050 Thread added: 0x0000013a9fde3050
Event: 2.857 Thread 0x0000013a9fde3050 Thread exited: 0x0000013a9fde3050
Event: 3.940 Thread 0x0000013aa04f4b40 Thread added: 0x0000013aa04f4b40
Event: 4.969 Thread 0x0000013aa0428530 Thread added: 0x0000013aa0428530
Event: 4.977 Thread 0x0000013aa0697af0 Thread added: 0x0000013aa0697af0
Event: 5.127 Thread 0x0000013aa081d440 Thread added: 0x0000013aa081d440
Event: 5.910 Thread 0x0000013aa05ba420 Thread added: 0x0000013aa05ba420
Event: 7.261 Thread 0x0000013a9fe45810 Thread added: 0x0000013a9fe45810
Event: 11.544 Thread 0x0000013aa05ba420 Thread exited: 0x0000013aa05ba420


Dynamic libraries:
0x00007ff776ba0000 - 0x00007ff776bae000 	c:\Users\polyo\.vscode\extensions\redhat.java-1.35.1-win32-x64\jre\17.0.12-win32-x86_64\bin\java.exe
0x00007ff9c4c90000 - 0x00007ff9c4ea7000 	C:\WINDOWS\SYSTEM32\ntdll.dll
0x00007ff9c3680000 - 0x00007ff9c3744000 	C:\WINDOWS\System32\KERNEL32.DLL
0x00007ff9c2170000 - 0x00007ff9c251d000 	C:\WINDOWS\System32\KERNELBASE.dll
0x00007ff9bc310000 - 0x00007ff9bc3a7000 	C:\WINDOWS\SYSTEM32\apphelp.dll
0x00007ff9c2660000 - 0x00007ff9c2771000 	C:\WINDOWS\System32\ucrtbase.dll
0x00007ff9b7980000 - 0x00007ff9b7997000 	c:\Users\polyo\.vscode\extensions\redhat.java-1.35.1-win32-x64\jre\17.0.12-win32-x86_64\bin\jli.dll
0x00007ff9c29e0000 - 0x00007ff9c2b8e000 	C:\WINDOWS\System32\USER32.dll
0x00007ff9c2780000 - 0x00007ff9c27a6000 	C:\WINDOWS\System32\win32u.dll
0x00007ff9c3e00000 - 0x00007ff9c3e29000 	C:\WINDOWS\System32\GDI32.dll
0x00007ff9c1fb0000 - 0x00007ff9c20c9000 	C:\WINDOWS\System32\gdi32full.dll
0x00007ff9c27b0000 - 0x00007ff9c284a000 	C:\WINDOWS\System32\msvcp_win.dll
0x00007ff9a6960000 - 0x00007ff9a6bf3000 	C:\WINDOWS\WinSxS\amd64_microsoft.windows.common-controls_6595b64144ccf1df_6.0.22621.3672_none_2713b9d173822955\COMCTL32.dll
0x00007ff9c3e30000 - 0x00007ff9c3ed7000 	C:\WINDOWS\System32\msvcrt.dll
0x00007ff9b7960000 - 0x00007ff9b797b000 	c:\Users\polyo\.vscode\extensions\redhat.java-1.35.1-win32-x64\jre\17.0.12-win32-x86_64\bin\VCRUNTIME140.dll
0x00007ff9c4ae0000 - 0x00007ff9c4b11000 	C:\WINDOWS\System32\IMM32.DLL
0x00007ff9b7920000 - 0x00007ff9b792c000 	c:\Users\polyo\.vscode\extensions\redhat.java-1.35.1-win32-x64\jre\17.0.12-win32-x86_64\bin\vcruntime140_1.dll
0x00007ff989640000 - 0x00007ff9896cd000 	c:\Users\polyo\.vscode\extensions\redhat.java-1.35.1-win32-x64\jre\17.0.12-win32-x86_64\bin\msvcp140.dll
0x00007ff92ef40000 - 0x00007ff92fbaa000 	c:\Users\polyo\.vscode\extensions\redhat.java-1.35.1-win32-x64\jre\17.0.12-win32-x86_64\bin\server\jvm.dll
0x00007ff9c4030000 - 0x00007ff9c40e2000 	C:\WINDOWS\System32\ADVAPI32.dll
0x00007ff9c47d0000 - 0x00007ff9c4879000 	C:\WINDOWS\System32\sechost.dll
0x00007ff9c20d0000 - 0x00007ff9c20f8000 	C:\WINDOWS\System32\bcrypt.dll
0x00007ff9c2b90000 - 0x00007ff9c2ca4000 	C:\WINDOWS\System32\RPCRT4.dll
0x00007ff9c4b20000 - 0x00007ff9c4b91000 	C:\WINDOWS\System32\WS2_32.dll
0x00007ff9c1920000 - 0x00007ff9c196d000 	C:\WINDOWS\SYSTEM32\POWRPROF.dll
0x00007ff9bc560000 - 0x00007ff9bc594000 	C:\WINDOWS\SYSTEM32\WINMM.dll
0x00007ff9ba300000 - 0x00007ff9ba30a000 	C:\WINDOWS\SYSTEM32\VERSION.dll
0x00007ff9c1890000 - 0x00007ff9c18a3000 	C:\WINDOWS\SYSTEM32\UMPDC.dll
0x00007ff9c1000000 - 0x00007ff9c1018000 	C:\WINDOWS\SYSTEM32\kernel.appcore.dll
0x00007ff9b78f0000 - 0x00007ff9b78fa000 	c:\Users\polyo\.vscode\extensions\redhat.java-1.35.1-win32-x64\jre\17.0.12-win32-x86_64\bin\jimage.dll
0x00007ff9bf7f0000 - 0x00007ff9bfa22000 	C:\WINDOWS\SYSTEM32\DBGHELP.DLL
0x00007ff9c38b0000 - 0x00007ff9c3c3e000 	C:\WINDOWS\System32\combase.dll
0x00007ff9c3f50000 - 0x00007ff9c4027000 	C:\WINDOWS\System32\OLEAUT32.dll
0x00007ff9ad380000 - 0x00007ff9ad3b2000 	C:\WINDOWS\SYSTEM32\dbgcore.DLL
0x00007ff9c2520000 - 0x00007ff9c259b000 	C:\WINDOWS\System32\bcryptPrimitives.dll
0x00007ff9b4560000 - 0x00007ff9b456e000 	c:\Users\polyo\.vscode\extensions\redhat.java-1.35.1-win32-x64\jre\17.0.12-win32-x86_64\bin\instrument.dll
0x00007ff99b370000 - 0x00007ff99b395000 	c:\Users\polyo\.vscode\extensions\redhat.java-1.35.1-win32-x64\jre\17.0.12-win32-x86_64\bin\java.dll
0x00007ff9ad6f0000 - 0x00007ff9ad708000 	c:\Users\polyo\.vscode\extensions\redhat.java-1.35.1-win32-x64\jre\17.0.12-win32-x86_64\bin\zip.dll
0x00007ff9c2e10000 - 0x00007ff9c3677000 	C:\WINDOWS\System32\SHELL32.dll
0x00007ff9bff30000 - 0x00007ff9c082f000 	C:\WINDOWS\SYSTEM32\windows.storage.dll
0x00007ff9bfdf0000 - 0x00007ff9bff2f000 	C:\WINDOWS\SYSTEM32\wintypes.dll
0x00007ff9c49e0000 - 0x00007ff9c4ad9000 	C:\WINDOWS\System32\SHCORE.dll
0x00007ff9c4890000 - 0x00007ff9c48ee000 	C:\WINDOWS\System32\shlwapi.dll
0x00007ff9c1ee0000 - 0x00007ff9c1f07000 	C:\WINDOWS\SYSTEM32\profapi.dll
0x00007ff9a7550000 - 0x00007ff9a7569000 	C:\Users\polyo\.vscode\extensions\redhat.java-1.35.1-win32-x64\jre\17.0.12-win32-x86_64\bin\net.dll
0x00007ff9bce30000 - 0x00007ff9bcf66000 	C:\WINDOWS\SYSTEM32\WINHTTP.dll
0x00007ff9c1470000 - 0x00007ff9c14d9000 	C:\WINDOWS\system32\mswsock.dll
0x00007ff9a4310000 - 0x00007ff9a4326000 	C:\Users\polyo\.vscode\extensions\redhat.java-1.35.1-win32-x64\jre\17.0.12-win32-x86_64\bin\nio.dll
0x00007ff9b4550000 - 0x00007ff9b4560000 	c:\Users\polyo\.vscode\extensions\redhat.java-1.35.1-win32-x64\jre\17.0.12-win32-x86_64\bin\verify.dll
0x00007ff988260000 - 0x00007ff9882a5000 	C:\Users\polyo\AppData\Roaming\Code\User\globalStorage\redhat.java\1.35.1\config_ss_win\org.eclipse.equinox.launcher\org.eclipse.equinox.launcher.win32.win32.x86_64_1.2.1100.v20240722-2106\eclipse_11904.dll
0x00007ff9c40f0000 - 0x00007ff9c4295000 	C:\WINDOWS\System32\ole32.dll
0x00007ff9c16d0000 - 0x00007ff9c16eb000 	C:\WINDOWS\SYSTEM32\CRYPTSP.dll
0x00007ff9c0f60000 - 0x00007ff9c0f95000 	C:\WINDOWS\system32\rsaenh.dll
0x00007ff9c1560000 - 0x00007ff9c1588000 	C:\WINDOWS\SYSTEM32\USERENV.dll
0x00007ff9c16c0000 - 0x00007ff9c16cc000 	C:\WINDOWS\SYSTEM32\CRYPTBASE.dll
0x00007ff9c0ad0000 - 0x00007ff9c0afd000 	C:\WINDOWS\SYSTEM32\IPHLPAPI.DLL
0x00007ff9c3ee0000 - 0x00007ff9c3ee9000 	C:\WINDOWS\System32\NSI.dll
0x00007ff9bcfb0000 - 0x00007ff9bcfc9000 	C:\WINDOWS\SYSTEM32\dhcpcsvc6.DLL
0x00007ff9bcd80000 - 0x00007ff9bcd9f000 	C:\WINDOWS\SYSTEM32\dhcpcsvc.DLL
0x00007ff9c0b00000 - 0x00007ff9c0bf8000 	C:\WINDOWS\SYSTEM32\DNSAPI.dll
0x00007ff984860000 - 0x00007ff9848a9000 	C:\Users\polyo\AppData\Local\Temp\jna-106848803\jna5092974174413980915.dll
0x00007ff9c38a0000 - 0x00007ff9c38a8000 	C:\WINDOWS\System32\PSAPI.DLL

dbghelp: loaded successfully - version: 4.0.5 - missing functions: none
symbol engine: initialized successfully - sym options: 0x614 - pdb path: .;c:\Users\polyo\.vscode\extensions\redhat.java-1.35.1-win32-x64\jre\17.0.12-win32-x86_64\bin;C:\WINDOWS\SYSTEM32;C:\WINDOWS\WinSxS\amd64_microsoft.windows.common-controls_6595b64144ccf1df_6.0.22621.3672_none_2713b9d173822955;c:\Users\polyo\.vscode\extensions\redhat.java-1.35.1-win32-x64\jre\17.0.12-win32-x86_64\bin\server;C:\Users\polyo\AppData\Roaming\Code\User\globalStorage\redhat.java\1.35.1\config_ss_win\org.eclipse.equinox.launcher\org.eclipse.equinox.launcher.win32.win32.x86_64_1.2.1100.v20240722-2106;C:\Users\polyo\AppData\Local\Temp\jna-106848803

VM Arguments:
jvm_args: --add-modules=ALL-SYSTEM --add-opens=java.base/java.util=ALL-UNNAMED --add-opens=java.base/java.lang=ALL-UNNAMED --add-opens=java.base/sun.nio.fs=ALL-UNNAMED -Declipse.application=org.eclipse.jdt.ls.core.id1 -Dosgi.bundles.defaultStartLevel=4 -Declipse.product=org.eclipse.jdt.ls.core.product -Djava.import.generatesMetadataFilesAtProjectRoot=false -DDetectVMInstallationsJob.disabled=true -Dfile.encoding=utf8 -XX:+UseParallelGC -XX:GCTimeRatio=4 -XX:AdaptiveSizePolicyWeight=90 -Dsun.zip.disableMemoryMapping=true -Xmx1G -Xms100m -Xlog:disable -javaagent:c:\Users\polyo\.vscode\extensions\redhat.java-1.35.1-win32-x64\lombok\lombok-1.18.33.jar 
java_command: c:\Users\polyo\.vscode\extensions\redhat.java-1.35.1-win32-x64\server\plugins\org.eclipse.equinox.launcher_1.6.900.v20240613-2009.jar -configuration c:\Users\polyo\AppData\Roaming\Code\User\globalStorage\redhat.java\1.35.1\config_ss_win -data c:\Users\polyo\AppData\Roaming\Code\User\workspaceStorage\ec5598898714f0a7fc5bafcbb2b98e26\redhat.java\ss_ws --pipe=\\.\pipe\lsp-a70e9499dc1f67693df6ce94061c4c00-sock
java_class_path (initial): c:\Users\polyo\.vscode\extensions\redhat.java-1.35.1-win32-x64\server\plugins\org.eclipse.equinox.launcher_1.6.900.v20240613-2009.jar
Launcher Type: SUN_STANDARD

[Global flags]
    uintx AdaptiveSizePolicyWeight                 = 90                                        {product} {command line}
     intx CICompilerCount                          = 4                                         {product} {ergonomic}
    uintx GCTimeRatio                              = 4                                         {product} {command line}
   size_t InitialHeapSize                          = 104857600                                 {product} {command line}
   size_t MaxHeapSize                              = 1073741824                                {product} {command line}
   size_t MaxNewSize                               = 357564416                                 {product} {ergonomic}
   size_t MinHeapDeltaBytes                        = 524288                                    {product} {ergonomic}
   size_t MinHeapSize                              = 104857600                                 {product} {command line}
   size_t NewSize                                  = 34603008                                  {product} {ergonomic}
    uintx NonNMethodCodeHeapSize                   = 5839372                                {pd product} {ergonomic}
    uintx NonProfiledCodeHeapSize                  = 122909434                              {pd product} {ergonomic}
   size_t OldSize                                  = 70254592                                  {product} {ergonomic}
    uintx ProfiledCodeHeapSize                     = 122909434                              {pd product} {ergonomic}
    uintx ReservedCodeCacheSize                    = 251658240                              {pd product} {ergonomic}
     bool SegmentedCodeCache                       = true                                      {product} {ergonomic}
   size_t SoftMaxHeapSize                          = 1073741824                             {manageable} {ergonomic}
     bool UseCompressedClassPointers               = true                           {product lp64_product} {ergonomic}
     bool UseCompressedOops                        = true                           {product lp64_product} {ergonomic}
     bool UseLargePagesIndividualAllocation        = false                                  {pd product} {ergonomic}
     bool UseParallelGC                            = true                                      {product} {command line}

Logging:
Log output configuration:
 #0: stdout all=off uptime,level,tags
 #1: stderr all=off uptime,level,tags

Environment Variables:
JAVA_HOME=C:\Program Files\Eclipse Adoptium\jdk-21.0.4.7-hotspot\
PATH=C:\Program Files\Eclipse Adoptium\jdk-21.0.4.7-hotspot\bin;C:\windows\system32;C:\windows;C:\windows\System32\Wbem;C:\windows\System32\WindowsPowerShell\v1.0\;C:\windows\System32\OpenSSH\;C:\Program Files (x86)\NVIDIA Corporation\PhysX\Common;C:\Program Files\NVIDIA Corporation\NVIDIA NvDLISR;C:\WINDOWS\system32;C:\WINDOWS;C:\WINDOWS\System32\Wbem;C:\WINDOWS\System32\WindowsPowerShell\v1.0\;C:\WINDOWS\System32\OpenSSH\;C:\Users\polyo\AppData\Local\Microsoft\WindowsApps;C:\Program Files (x86)\Microsoft VS Code\bin
USERNAME=polyo
OS=Windows_NT
PROCESSOR_IDENTIFIER=Intel64 Family 6 Model 158 Stepping 10, GenuineIntel
TMP=C:\Users\polyo\AppData\Local\Temp
TEMP=C:\Users\polyo\AppData\Local\Temp



Periodic native trim disabled


---------------  S Y S T E M  ---------------

OS:
 Windows 11 , 64 bit Build 22621 (10.0.22621.3958)
OS uptime: 1 days 13:11 hours

CPU: total 8 (initial active 8) (4 cores per cpu, 2 threads per core) family 6 model 158 stepping 10 microcode 0xf4, cx8, cmov, fxsr, ht, mmx, 3dnowpref, sse, sse2, sse3, ssse3, sse4.1, sse4.2, popcnt, lzcnt, tsc, tscinvbit, avx, avx2, aes, erms, clmul, bmi1, bmi2, adx, fma, vzeroupper, clflush, clflushopt
Processor Information for all 8 processors :
  Max Mhz: 2400, Current Mhz: 2400, Mhz Limit: 2400

Memory: 4k page, system-wide physical 32609M (587M free)
TotalPageFile size 74718M (AvailPageFile size 48M)
current process WorkingSet (physical memory assigned to process): 105M, peak: 110M
current process commit charge ("private bytes"): 210M, peak: 216M

vm_info: OpenJDK 64-Bit Server VM (17.0.12+7) for windows-amd64 JRE (17.0.12+7), built on Jul 16 2024 22:08:24 by "admin" with MS VC++ 16.10 / 16.11 (VS2019)

END.
